0 info it worked if it ends with ok
1 verbose cli [ 'node', '/usr/local/bin/npm', 'run', 'watch' ]
2 info using npm@2.11.2
3 info using node@v0.12.4
4 verbose run-script [ 'prewatch', 'watch', 'postwatch' ]
5 info prewatch zippyspot@
6 info watch zippyspot@
7 verbose unsafe-perm in lifecycle true
8 info zippyspot@ Failed to exec watch script
9 verbose stack Error: zippyspot@ watch: `parallelshell 'npm run bs' npm run js-w' `
9 verbose stack Exit status 2
9 verbose stack     at EventEmitter.<anonymous> (/usr/local/lib/node_modules/npm/lib/utils/lifecycle.js:213:16)
9 verbose stack     at EventEmitter.emit (events.js:110:17)
9 verbose stack     at ChildProcess.<anonymous> (/usr/local/lib/node_modules/npm/lib/utils/spawn.js:24:14)
9 verbose stack     at ChildProcess.emit (events.js:110:17)
9 verbose stack     at maybeClose (child_process.js:1015:16)
9 verbose stack     at Process.ChildProcess._handle.onexit (child_process.js:1087:5)
10 verbose pkgid zippyspot@
11 verbose cwd /home/isaac/Web/Wesfed/zippyspot
12 error Linux 4.2.0-19-generic
13 error argv "node" "/usr/local/bin/npm" "run" "watch"
14 error node v0.12.4
15 error npm  v2.11.2
16 error code ELIFECYCLE
17 error zippyspot@ watch: `parallelshell 'npm run bs' npm run js-w' `
17 error Exit status 2
18 error Failed at the zippyspot@ watch script 'parallelshell 'npm run bs' npm run js-w' '.
18 error This is most likely a problem with the zippyspot package,
18 error not with npm itself.
18 error Tell the author that this fails on your system:
18 error     parallelshell 'npm run bs' npm run js-w'
18 error You can get their info via:
18 error     npm owner ls zippyspot
18 error There is likely additional logging output above.
19 verbose exit [ 1, true ]
